===== TEST 1 =====
postgres.password = gms @ 2018-04-04T10:01:00Z
===== TEST 2 =====
postgres.password = xyzzy @ 2018-04-03T09:00:00Z
===== TEST 4 =====
postgres.hostname = osd-postgres @ 2018-04-04T10:00:00Z
postgres.password = gms @ 2018-04-04T10:01:00Z
postgres.port = 5432 @ 2018-04-03T09:00:00Z
postgres.username = gms @ 2018-04-03T09:00:00Z
===== TEST 5 =====
postgres.hostname = osd-postgres @ 2018-04-04T10:00:00Z
postgres.password = gems @ 2018-04-04T10:00:00Z
postgres.port = 5432 @ 2018-04-03T09:00:00Z
postgres.username = gms @ 2018-04-03T09:00:00Z
===== TEST 6 =====
postgres.password = gems @ 2018-04-04T10:00:00Z
postgres.password = gms @ 2018-04-04T10:01:00Z
===== TEST 7 =====
postgres.hostname = osd-postgres @ 2018-04-04T10:00:00Z
postgres.hostname = osd-postgres @ 2018-04-04T10:00:00Z
postgres.password = gems @ 2018-04-04T10:00:00Z
postgres.password = gms @ 2018-04-04T10:01:00Z
postgres.username = gms @ 2018-04-03T09:00:00Z
postgres.username = gms @ 2018-04-03T09:00:00Z
postgres.port = 5432 @ 2018-04-03T09:00:00Z
postgres.port = 5432 @ 2018-04-03T09:00:00Z
